Connecting to database specified by database.yml
Connecting to database specified by database.yml


Started GET "/static_pages/about" for 10.0.2.2 at 2013-03-13 13:15:43 +0000
Connecting to database specified by database.yml
Processing by StaticPagesController#about as HTML
  Rendered static_pages/about.html.erb within layouts/application (11.0ms)
Compiled static_pages.css  (504ms)  (pid 2000)
Compiled application.css  (620ms)  (pid 2000)
Compiled jquery.js  (2ms)  (pid 2000)
Compiled jquery_ujs.js  (0ms)  (pid 2000)
Compiled static_pages.js  (541ms)  (pid 2000)
Compiled application.js  (1037ms)  (pid 2000)
Completed 200 OK in 2531ms (Views: 2529.7ms | ActiveRecord: 0.0ms)


Started GET "/assets/application.css?body=1" for 10.0.2.2 at 2013-03-13 13:15:47 +0000
Served asset /application.css - 200 OK (31ms)


Started GET "/assets/application.js?body=1" for 10.0.2.2 at 2013-03-13 13:15:47 +0000
Served asset /application.js - 200 OK (74ms)


Started GET "/assets/jquery_ujs.js?body=1" for 10.0.2.2 at 2013-03-13 13:15:47 +0000
Served asset /jquery_ujs.js - 200 OK (32ms)


Started GET "/assets/static_pages.js?body=1" for 10.0.2.2 at 2013-03-13 13:15:48 +0000
Served asset /static_pages.js - 200 OK (17ms)


Started GET "/assets/jquery.js?body=1" for 10.0.2.2 at 2013-03-13 13:15:48 +0000
Served asset /jquery.js - 200 OK (38ms)


Started GET "/assets/static_pages.css?body=1" for 10.0.2.2 at 2013-03-13 13:15:48 +0000
Served asset /static_pages.css - 200 OK (25ms)
Connecting to database specified by database.yml
